<?xml version="1.0" encoding="UTF-8"?>
<!-- Generated by org.testng.reporters.JUnitReportReporter -->
<testsuite hostname="ELW5132" failures="0" tests="3" name="TestNG1.HRM_Test" time="29.166" errors="0" timestamp="08 Oct 2022 02:49:33 GMT" skipped="0">
  <testcase classname="TestNG1.HRM_Test" name="HRMlogin" time="4.562"/>
  <testcase classname="TestNG1.HRM_Test" name="MethodOverloading" time="18.971"/>
  <testcase classname="TestNG1.HRM_Test" name="HRM_Leave" time="5.633"/>
</testsuite> <!-- TestNG1.HRM_Test -->
